2025/06/19 07:16:43 [notice] 1#1: using the "epoll" event method
2025/06/19 07:16:43 [notice] 1#1: nginx/1.27.5
2025/06/19 07:16:43 [notice] 1#1: built by gcc 12.2.0 (Debian 12.2.0-14) 
2025/06/19 07:16:43 [notice] 1#1: OS: Linux 3.10.0-1160.119.1.el7.x86_64
2025/06/19 07:16:43 [notice] 1#1: getrlimit(RLIMIT_NOFILE): 1048576:1048576
2025/06/19 07:16:43 [notice] 1#1: start worker processes
2025/06/19 07:16:43 [notice] 1#1: start worker process 28
2025/06/19 07:16:43 [notice] 1#1: start worker process 29
2025/06/21 03:02:57 [notice] 1#1: signal 3 (SIGQUIT) received, shutting down
2025/06/21 03:02:57 [notice] 28#28: gracefully shutting down
2025/06/21 03:02:57 [notice] 28#28: exiting
2025/06/21 03:02:57 [notice] 28#28: exit
2025/06/21 03:02:57 [notice] 29#29: gracefully shutting down
2025/06/21 03:02:57 [notice] 29#29: exiting
2025/06/21 03:02:57 [notice] 29#29: exit
2025/06/21 03:02:57 [notice] 1#1: signal 17 (SIGCHLD) received from 28
2025/06/21 03:02:57 [notice] 1#1: worker process 28 exited with code 0
2025/06/21 03:02:57 [notice] 1#1: worker process 29 exited with code 0
2025/06/21 03:02:57 [notice] 1#1: exit
2025/06/21 03:02:58 [notice] 1#1: using the "epoll" event method
2025/06/21 03:02:58 [notice] 1#1: nginx/1.27.5
2025/06/21 03:02:58 [notice] 1#1: built by gcc 12.2.0 (Debian 12.2.0-14) 
2025/06/21 03:02:58 [notice] 1#1: OS: Linux 3.10.0-1160.119.1.el7.x86_64
2025/06/21 03:02:58 [notice] 1#1: getrlimit(RLIMIT_NOFILE): 1048576:1048576
2025/06/21 03:02:58 [notice] 1#1: start worker processes
2025/06/21 03:02:58 [notice] 1#1: start worker process 28
2025/06/21 03:02:58 [notice] 1#1: start worker process 29
2025/06/21 03:06:41 [notice] 1#1: signal 3 (SIGQUIT) received, shutting down
2025/06/21 03:06:41 [notice] 28#28: gracefully shutting down
2025/06/21 03:06:41 [notice] 28#28: exiting
2025/06/21 03:06:41 [notice] 28#28: exit
2025/06/21 03:06:41 [notice] 29#29: gracefully shutting down
2025/06/21 03:06:41 [notice] 29#29: exiting
2025/06/21 03:06:41 [notice] 29#29: exit
2025/06/21 03:06:41 [notice] 1#1: signal 17 (SIGCHLD) received from 29
2025/06/21 03:06:41 [notice] 1#1: worker process 28 exited with code 0
2025/06/21 03:06:41 [notice] 1#1: worker process 29 exited with code 0
2025/06/21 03:06:41 [notice] 1#1: exit
2025/06/21 03:06:42 [notice] 1#1: using the "epoll" event method
2025/06/21 03:06:42 [notice] 1#1: nginx/1.27.5
2025/06/21 03:06:42 [notice] 1#1: built by gcc 12.2.0 (Debian 12.2.0-14) 
2025/06/21 03:06:42 [notice] 1#1: OS: Linux 3.10.0-1160.119.1.el7.x86_64
2025/06/21 03:06:42 [notice] 1#1: getrlimit(RLIMIT_NOFILE): 1048576:1048576
2025/06/21 03:06:42 [notice] 1#1: start worker processes
2025/06/21 03:06:42 [notice] 1#1: start worker process 28
2025/06/21 03:06:42 [notice] 1#1: start worker process 29
2025/06/21 03:22:06 [notice] 1#1: signal 3 (SIGQUIT) received, shutting down
2025/06/21 03:22:06 [notice] 28#28: gracefully shutting down
2025/06/21 03:22:06 [notice] 28#28: exiting
2025/06/21 03:22:06 [notice] 28#28: exit
2025/06/21 03:22:06 [notice] 29#29: gracefully shutting down
2025/06/21 03:22:06 [notice] 29#29: exiting
2025/06/21 03:22:06 [notice] 29#29: exit
2025/06/21 03:22:06 [notice] 1#1: signal 17 (SIGCHLD) received from 28
2025/06/21 03:22:06 [notice] 1#1: worker process 28 exited with code 0
2025/06/21 03:22:06 [notice] 1#1: worker process 29 exited with code 0
2025/06/21 03:22:06 [notice] 1#1: exit
2025/06/21 03:22:07 [notice] 1#1: using the "epoll" event method
2025/06/21 03:22:07 [notice] 1#1: nginx/1.27.5
2025/06/21 03:22:07 [notice] 1#1: built by gcc 12.2.0 (Debian 12.2.0-14) 
2025/06/21 03:22:07 [notice] 1#1: OS: Linux 3.10.0-1160.119.1.el7.x86_64
2025/06/21 03:22:07 [notice] 1#1: getrlimit(RLIMIT_NOFILE): 1048576:1048576
2025/06/21 03:22:07 [notice] 1#1: start worker processes
2025/06/21 03:22:07 [notice] 1#1: start worker process 28
2025/06/21 03:22:07 [notice] 1#1: start worker process 29
2025/06/21 03:24:09 [notice] 1#1: signal 3 (SIGQUIT) received, shutting down
2025/06/21 03:24:09 [notice] 28#28: gracefully shutting down
2025/06/21 03:24:09 [notice] 29#29: gracefully shutting down
2025/06/21 03:24:09 [notice] 28#28: exiting
2025/06/21 03:24:09 [notice] 29#29: exiting
2025/06/21 03:24:09 [notice] 29#29: exit
2025/06/21 03:24:09 [notice] 28#28: exit
2025/06/21 03:24:09 [notice] 1#1: signal 17 (SIGCHLD) received from 29
2025/06/21 03:24:09 [notice] 1#1: worker process 29 exited with code 0
2025/06/21 03:24:09 [notice] 1#1: signal 29 (SIGIO) received
2025/06/21 03:24:09 [notice] 1#1: signal 17 (SIGCHLD) received from 28
2025/06/21 03:24:09 [notice] 1#1: worker process 28 exited with code 0
2025/06/21 03:24:09 [notice] 1#1: exit
2025/06/21 03:24:09 [notice] 1#1: using the "epoll" event method
2025/06/21 03:24:09 [notice] 1#1: nginx/1.27.5
2025/06/21 03:24:09 [notice] 1#1: built by gcc 12.2.0 (Debian 12.2.0-14) 
2025/06/21 03:24:09 [notice] 1#1: OS: Linux 3.10.0-1160.119.1.el7.x86_64
2025/06/21 03:24:09 [notice] 1#1: getrlimit(RLIMIT_NOFILE): 1048576:1048576
2025/06/21 03:24:09 [notice] 1#1: start worker processes
2025/06/21 03:24:09 [notice] 1#1: start worker process 29
2025/06/21 03:24:09 [notice] 1#1: start worker process 30
2025/06/21 06:47:08 [notice] 1#1: signal 3 (SIGQUIT) received, shutting down
2025/06/21 06:47:08 [notice] 30#30: gracefully shutting down
2025/06/21 06:47:08 [notice] 30#30: exiting
2025/06/21 06:47:08 [notice] 29#29: gracefully shutting down
2025/06/21 06:47:08 [notice] 29#29: exiting
2025/06/21 06:47:08 [notice] 29#29: exit
2025/06/21 06:47:08 [notice] 30#30: exit
2025/06/21 06:47:09 [notice] 1#1: signal 17 (SIGCHLD) received from 30
2025/06/21 06:47:09 [notice] 1#1: worker process 30 exited with code 0
2025/06/21 06:47:09 [notice] 1#1: signal 29 (SIGIO) received
2025/06/21 06:47:09 [notice] 1#1: signal 17 (SIGCHLD) received from 29
2025/06/21 06:47:09 [notice] 1#1: worker process 29 exited with code 0
2025/06/21 06:47:09 [notice] 1#1: exit
2025/06/21 06:47:10 [notice] 1#1: using the "epoll" event method
2025/06/21 06:47:10 [notice] 1#1: nginx/1.27.5
2025/06/21 06:47:10 [notice] 1#1: built by gcc 12.2.0 (Debian 12.2.0-14) 
2025/06/21 06:47:10 [notice] 1#1: OS: Linux 3.10.0-1160.119.1.el7.x86_64
2025/06/21 06:47:10 [notice] 1#1: getrlimit(RLIMIT_NOFILE): 1048576:1048576
2025/06/21 06:47:10 [notice] 1#1: start worker processes
2025/06/21 06:47:10 [notice] 1#1: start worker process 28
2025/06/21 06:47:10 [notice] 1#1: start worker process 29
2025/06/21 06:51:40 [notice] 1#1: signal 3 (SIGQUIT) received, shutting down
2025/06/21 06:51:40 [notice] 28#28: gracefully shutting down
2025/06/21 06:51:40 [notice] 28#28: exiting
2025/06/21 06:51:40 [notice] 28#28: exit
2025/06/21 06:51:40 [notice] 29#29: gracefully shutting down
2025/06/21 06:51:40 [notice] 29#29: exiting
2025/06/21 06:51:40 [notice] 29#29: exit
2025/06/21 06:51:40 [notice] 1#1: signal 17 (SIGCHLD) received from 28
2025/06/21 06:51:40 [notice] 1#1: worker process 28 exited with code 0
2025/06/21 06:51:40 [notice] 1#1: signal 29 (SIGIO) received
2025/06/21 06:51:40 [notice] 1#1: signal 17 (SIGCHLD) received from 29
2025/06/21 06:51:40 [notice] 1#1: worker process 29 exited with code 0
2025/06/21 06:51:40 [notice] 1#1: exit
2025/06/21 06:51:41 [notice] 1#1: using the "epoll" event method
2025/06/21 06:51:41 [notice] 1#1: nginx/1.27.5
2025/06/21 06:51:41 [notice] 1#1: built by gcc 12.2.0 (Debian 12.2.0-14) 
2025/06/21 06:51:41 [notice] 1#1: OS: Linux 3.10.0-1160.119.1.el7.x86_64
2025/06/21 06:51:41 [notice] 1#1: getrlimit(RLIMIT_NOFILE): 1048576:1048576
2025/06/21 06:51:41 [notice] 1#1: start worker processes
2025/06/21 06:51:41 [notice] 1#1: start worker process 29
2025/06/21 06:51:41 [notice] 1#1: start worker process 30
2025/06/21 07:10:27 [notice] 1#1: signal 3 (SIGQUIT) received, shutting down
2025/06/21 07:10:27 [notice] 29#29: gracefully shutting down
2025/06/21 07:10:27 [notice] 29#29: exiting
2025/06/21 07:10:27 [notice] 30#30: gracefully shutting down
2025/06/21 07:10:27 [notice] 30#30: exiting
2025/06/21 07:10:27 [notice] 29#29: exit
2025/06/21 07:10:27 [notice] 30#30: exit
2025/06/21 07:10:27 [notice] 1#1: signal 17 (SIGCHLD) received from 30
2025/06/21 07:10:27 [notice] 1#1: worker process 29 exited with code 0
2025/06/21 07:10:27 [notice] 1#1: worker process 30 exited with code 0
2025/06/21 07:10:27 [notice] 1#1: exit
2025/06/21 07:10:28 [notice] 1#1: using the "epoll" event method
2025/06/21 07:10:28 [notice] 1#1: nginx/1.27.5
2025/06/21 07:10:28 [notice] 1#1: built by gcc 12.2.0 (Debian 12.2.0-14) 
2025/06/21 07:10:28 [notice] 1#1: OS: Linux 3.10.0-1160.119.1.el7.x86_64
2025/06/21 07:10:28 [notice] 1#1: getrlimit(RLIMIT_NOFILE): 1048576:1048576
2025/06/21 07:10:28 [notice] 1#1: start worker processes
2025/06/21 07:10:28 [notice] 1#1: start worker process 28
2025/06/21 07:10:28 [notice] 1#1: start worker process 29
2025/06/21 07:22:47 [notice] 1#1: signal 3 (SIGQUIT) received, shutting down
2025/06/21 07:22:47 [notice] 28#28: gracefully shutting down
2025/06/21 07:22:47 [notice] 28#28: exiting
2025/06/21 07:22:47 [notice] 29#29: gracefully shutting down
2025/06/21 07:22:47 [notice] 29#29: exiting
2025/06/21 07:22:47 [notice] 29#29: exit
2025/06/21 07:22:47 [notice] 28#28: exit
2025/06/21 07:22:47 [notice] 1#1: signal 17 (SIGCHLD) received from 29
2025/06/21 07:22:47 [notice] 1#1: worker process 28 exited with code 0
2025/06/21 07:22:47 [notice] 1#1: worker process 29 exited with code 0
2025/06/21 07:22:47 [notice] 1#1: exit
2025/06/21 07:22:49 [notice] 1#1: using the "epoll" event method
2025/06/21 07:22:49 [notice] 1#1: nginx/1.27.5
2025/06/21 07:22:49 [notice] 1#1: built by gcc 12.2.0 (Debian 12.2.0-14) 
2025/06/21 07:22:49 [notice] 1#1: OS: Linux 3.10.0-1160.119.1.el7.x86_64
2025/06/21 07:22:49 [notice] 1#1: getrlimit(RLIMIT_NOFILE): 1048576:1048576
2025/06/21 07:22:49 [notice] 1#1: start worker processes
2025/06/21 07:22:49 [notice] 1#1: start worker process 28
2025/06/21 07:22:49 [notice] 1#1: start worker process 29
2025/06/21 07:45:33 [notice] 1#1: signal 3 (SIGQUIT) received, shutting down
2025/06/21 07:45:33 [notice] 29#29: gracefully shutting down
2025/06/21 07:45:33 [notice] 29#29: exiting
2025/06/21 07:45:33 [notice] 29#29: exit
2025/06/21 07:45:33 [notice] 28#28: gracefully shutting down
2025/06/21 07:45:33 [notice] 28#28: exiting
2025/06/21 07:45:33 [notice] 28#28: exit
2025/06/21 07:45:33 [notice] 1#1: signal 17 (SIGCHLD) received from 29
2025/06/21 07:45:33 [notice] 1#1: worker process 28 exited with code 0
2025/06/21 07:45:33 [notice] 1#1: worker process 29 exited with code 0
2025/06/21 07:45:33 [notice] 1#1: exit
2025/06/21 07:45:33 [notice] 1#1: using the "epoll" event method
2025/06/21 07:45:33 [notice] 1#1: nginx/1.27.5
2025/06/21 07:45:33 [notice] 1#1: built by gcc 12.2.0 (Debian 12.2.0-14) 
2025/06/21 07:45:33 [notice] 1#1: OS: Linux 3.10.0-1160.119.1.el7.x86_64
2025/06/21 07:45:33 [notice] 1#1: getrlimit(RLIMIT_NOFILE): 1048576:1048576
2025/06/21 07:45:33 [notice] 1#1: start worker processes
2025/06/21 07:45:33 [notice] 1#1: start worker process 27
2025/06/21 07:45:33 [notice] 1#1: start worker process 28
2025/06/21 08:08:13 [notice] 1#1: signal 3 (SIGQUIT) received, shutting down
2025/06/21 08:08:13 [notice] 27#27: gracefully shutting down
2025/06/21 08:08:13 [notice] 27#27: exiting
2025/06/21 08:08:13 [notice] 27#27: exit
2025/06/21 08:08:13 [notice] 28#28: gracefully shutting down
2025/06/21 08:08:13 [notice] 28#28: exiting
2025/06/21 08:08:13 [notice] 28#28: exit
2025/06/21 08:08:13 [notice] 1#1: signal 17 (SIGCHLD) received from 27
2025/06/21 08:08:13 [notice] 1#1: worker process 27 exited with code 0
2025/06/21 08:08:13 [notice] 1#1: worker process 28 exited with code 0
2025/06/21 08:08:13 [notice] 1#1: exit
2025/06/21 08:08:14 [notice] 1#1: using the "epoll" event method
2025/06/21 08:08:14 [notice] 1#1: nginx/1.27.5
2025/06/21 08:08:14 [notice] 1#1: built by gcc 12.2.0 (Debian 12.2.0-14) 
2025/06/21 08:08:14 [notice] 1#1: OS: Linux 3.10.0-1160.119.1.el7.x86_64
2025/06/21 08:08:14 [notice] 1#1: getrlimit(RLIMIT_NOFILE): 1048576:1048576
2025/06/21 08:08:14 [notice] 1#1: start worker processes
2025/06/21 08:08:14 [notice] 1#1: start worker process 28
2025/06/21 08:08:14 [notice] 1#1: start worker process 29
2025/06/21 08:19:28 [notice] 1#1: signal 3 (SIGQUIT) received, shutting down
2025/06/21 08:19:28 [notice] 28#28: gracefully shutting down
2025/06/21 08:19:28 [notice] 28#28: exiting
2025/06/21 08:19:28 [notice] 28#28: exit
2025/06/21 08:19:28 [notice] 29#29: gracefully shutting down
2025/06/21 08:19:28 [notice] 29#29: exiting
2025/06/21 08:19:28 [notice] 29#29: exit
2025/06/21 08:19:28 [notice] 1#1: signal 17 (SIGCHLD) received from 29
2025/06/21 08:19:28 [notice] 1#1: worker process 28 exited with code 0
2025/06/21 08:19:28 [notice] 1#1: worker process 29 exited with code 0
2025/06/21 08:19:28 [notice] 1#1: exit
2025/06/21 08:19:29 [notice] 1#1: using the "epoll" event method
2025/06/21 08:19:29 [notice] 1#1: nginx/1.27.5
2025/06/21 08:19:29 [notice] 1#1: built by gcc 12.2.0 (Debian 12.2.0-14) 
2025/06/21 08:19:29 [notice] 1#1: OS: Linux 3.10.0-1160.119.1.el7.x86_64
2025/06/21 08:19:29 [notice] 1#1: getrlimit(RLIMIT_NOFILE): 1048576:1048576
2025/06/21 08:19:29 [notice] 1#1: start worker processes
2025/06/21 08:19:29 [notice] 1#1: start worker process 29
2025/06/21 08:19:29 [notice] 1#1: start worker process 30
2025/06/22 13:54:48 [notice] 1#1: signal 3 (SIGQUIT) received, shutting down
2025/06/22 13:54:48 [notice] 29#29: gracefully shutting down
2025/06/22 13:54:48 [notice] 29#29: exiting
2025/06/22 13:54:48 [notice] 30#30: gracefully shutting down
2025/06/22 13:54:48 [notice] 29#29: exit
2025/06/22 13:54:48 [notice] 30#30: exiting
2025/06/22 13:54:48 [notice] 30#30: exit
2025/06/22 13:54:48 [notice] 1#1: signal 17 (SIGCHLD) received from 30
2025/06/22 13:54:48 [notice] 1#1: worker process 29 exited with code 0
2025/06/22 13:54:48 [notice] 1#1: worker process 30 exited with code 0
2025/06/22 13:54:48 [notice] 1#1: exit
2025/06/22 13:54:49 [notice] 1#1: using the "epoll" event method
2025/06/22 13:54:49 [notice] 1#1: nginx/1.27.5
2025/06/22 13:54:49 [notice] 1#1: built by gcc 12.2.0 (Debian 12.2.0-14) 
2025/06/22 13:54:49 [notice] 1#1: OS: Linux 3.10.0-1160.119.1.el7.x86_64
2025/06/22 13:54:49 [notice] 1#1: getrlimit(RLIMIT_NOFILE): 1048576:1048576
2025/06/22 13:54:49 [notice] 1#1: start worker processes
2025/06/22 13:54:49 [notice] 1#1: start worker process 29
2025/06/22 13:54:49 [notice] 1#1: start worker process 30
2025/06/22 14:50:10 [notice] 1#1: signal 3 (SIGQUIT) received, shutting down
2025/06/22 14:50:10 [notice] 29#29: gracefully shutting down
2025/06/22 14:50:10 [notice] 29#29: exiting
2025/06/22 14:50:10 [notice] 29#29: exit
2025/06/22 14:50:10 [notice] 30#30: gracefully shutting down
2025/06/22 14:50:10 [notice] 30#30: exiting
2025/06/22 14:50:10 [notice] 30#30: exit
2025/06/22 14:50:10 [notice] 1#1: signal 17 (SIGCHLD) received from 30
2025/06/22 14:50:10 [notice] 1#1: worker process 29 exited with code 0
2025/06/22 14:50:10 [notice] 1#1: worker process 30 exited with code 0
2025/06/22 14:50:10 [notice] 1#1: exit
2025/06/22 14:50:11 [notice] 1#1: using the "epoll" event method
2025/06/22 14:50:11 [notice] 1#1: nginx/1.27.5
2025/06/22 14:50:11 [notice] 1#1: built by gcc 12.2.0 (Debian 12.2.0-14) 
2025/06/22 14:50:11 [notice] 1#1: OS: Linux 3.10.0-1160.119.1.el7.x86_64
2025/06/22 14:50:11 [notice] 1#1: getrlimit(RLIMIT_NOFILE): 1048576:1048576
2025/06/22 14:50:11 [notice] 1#1: start worker processes
2025/06/22 14:50:11 [notice] 1#1: start worker process 27
2025/06/22 14:50:11 [notice] 1#1: start worker process 28
2025/06/22 15:26:54 [notice] 1#1: signal 3 (SIGQUIT) received, shutting down
2025/06/22 15:26:54 [notice] 27#27: gracefully shutting down
2025/06/22 15:26:54 [notice] 28#28: gracefully shutting down
2025/06/22 15:26:54 [notice] 27#27: exiting
2025/06/22 15:26:54 [notice] 28#28: exiting
2025/06/22 15:26:54 [notice] 27#27: exit
2025/06/22 15:26:54 [notice] 28#28: exit
2025/06/22 15:26:54 [notice] 1#1: signal 17 (SIGCHLD) received from 28
2025/06/22 15:26:54 [notice] 1#1: worker process 27 exited with code 0
2025/06/22 15:26:54 [notice] 1#1: worker process 28 exited with code 0
2025/06/22 15:26:54 [notice] 1#1: exit
2025/06/22 15:26:55 [notice] 1#1: using the "epoll" event method
2025/06/22 15:26:55 [notice] 1#1: nginx/1.27.5
2025/06/22 15:26:55 [notice] 1#1: built by gcc 12.2.0 (Debian 12.2.0-14) 
2025/06/22 15:26:55 [notice] 1#1: OS: Linux 3.10.0-1160.119.1.el7.x86_64
2025/06/22 15:26:55 [notice] 1#1: getrlimit(RLIMIT_NOFILE): 1048576:1048576
2025/06/22 15:26:55 [notice] 1#1: start worker processes
2025/06/22 15:26:55 [notice] 1#1: start worker process 28
2025/06/22 15:26:55 [notice] 1#1: start worker process 29
2025/06/22 16:22:32 [notice] 1#1: signal 3 (SIGQUIT) received, shutting down
2025/06/22 16:22:32 [notice] 28#28: gracefully shutting down
2025/06/22 16:22:32 [notice] 29#29: gracefully shutting down
2025/06/22 16:22:32 [notice] 28#28: exiting
2025/06/22 16:22:32 [notice] 29#29: exiting
2025/06/22 16:22:32 [notice] 29#29: exit
2025/06/22 16:22:32 [notice] 28#28: exit
2025/06/22 16:22:32 [notice] 1#1: signal 17 (SIGCHLD) received from 28
2025/06/22 16:22:32 [notice] 1#1: worker process 28 exited with code 0
2025/06/22 16:22:32 [notice] 1#1: worker process 29 exited with code 0
2025/06/22 16:22:32 [notice] 1#1: exit
2025/06/22 16:22:32 [notice] 1#1: using the "epoll" event method
2025/06/22 16:22:32 [notice] 1#1: nginx/1.27.5
2025/06/22 16:22:32 [notice] 1#1: built by gcc 12.2.0 (Debian 12.2.0-14) 
2025/06/22 16:22:32 [notice] 1#1: OS: Linux 3.10.0-1160.119.1.el7.x86_64
2025/06/22 16:22:32 [notice] 1#1: getrlimit(RLIMIT_NOFILE): 1048576:1048576
2025/06/22 16:22:32 [notice] 1#1: start worker processes
2025/06/22 16:22:32 [notice] 1#1: start worker process 28
2025/06/22 16:22:32 [notice] 1#1: start worker process 29
2025/06/22 16:46:48 [notice] 1#1: signal 3 (SIGQUIT) received, shutting down
2025/06/22 16:46:48 [notice] 29#29: gracefully shutting down
2025/06/22 16:46:48 [notice] 28#28: gracefully shutting down
2025/06/22 16:46:48 [notice] 29#29: exiting
2025/06/22 16:46:48 [notice] 28#28: exiting
2025/06/22 16:46:48 [notice] 28#28: exit
2025/06/22 16:46:48 [notice] 29#29: exit
2025/06/22 16:46:48 [notice] 1#1: signal 17 (SIGCHLD) received from 28
2025/06/22 16:46:48 [notice] 1#1: worker process 28 exited with code 0
2025/06/22 16:46:48 [notice] 1#1: worker process 29 exited with code 0
2025/06/22 16:46:48 [notice] 1#1: exit
2025/06/22 16:46:49 [notice] 1#1: using the "epoll" event method
2025/06/22 16:46:49 [notice] 1#1: nginx/1.27.5
2025/06/22 16:46:49 [notice] 1#1: built by gcc 12.2.0 (Debian 12.2.0-14) 
2025/06/22 16:46:49 [notice] 1#1: OS: Linux 3.10.0-1160.119.1.el7.x86_64
2025/06/22 16:46:49 [notice] 1#1: getrlimit(RLIMIT_NOFILE): 1048576:1048576
2025/06/22 16:46:49 [notice] 1#1: start worker processes
2025/06/22 16:46:49 [notice] 1#1: start worker process 29
2025/06/22 16:46:49 [notice] 1#1: start worker process 30
2025/06/22 16:51:54 [notice] 1#1: signal 3 (SIGQUIT) received, shutting down
2025/06/22 16:51:54 [notice] 29#29: gracefully shutting down
2025/06/22 16:51:54 [notice] 30#30: gracefully shutting down
2025/06/22 16:51:54 [notice] 29#29: exiting
2025/06/22 16:51:54 [notice] 30#30: exiting
2025/06/22 16:51:54 [notice] 29#29: exit
2025/06/22 16:51:54 [notice] 30#30: exit
2025/06/22 16:51:54 [notice] 1#1: signal 17 (SIGCHLD) received from 30
2025/06/22 16:51:54 [notice] 1#1: worker process 30 exited with code 0
2025/06/22 16:51:54 [notice] 1#1: signal 29 (SIGIO) received
2025/06/22 16:51:54 [notice] 1#1: signal 17 (SIGCHLD) received from 29
2025/06/22 16:51:54 [notice] 1#1: worker process 29 exited with code 0
2025/06/22 16:51:54 [notice] 1#1: exit
2025/06/22 16:51:55 [notice] 1#1: using the "epoll" event method
2025/06/22 16:51:55 [notice] 1#1: nginx/1.27.5
2025/06/22 16:51:55 [notice] 1#1: built by gcc 12.2.0 (Debian 12.2.0-14) 
2025/06/22 16:51:55 [notice] 1#1: OS: Linux 3.10.0-1160.119.1.el7.x86_64
2025/06/22 16:51:55 [notice] 1#1: getrlimit(RLIMIT_NOFILE): 1048576:1048576
2025/06/22 16:51:55 [notice] 1#1: start worker processes
2025/06/22 16:51:55 [notice] 1#1: start worker process 29
2025/06/22 16:51:55 [notice] 1#1: start worker process 30
2025/06/22 17:01:51 [notice] 1#1: signal 3 (SIGQUIT) received, shutting down
2025/06/22 17:01:51 [notice] 30#30: gracefully shutting down
2025/06/22 17:01:51 [notice] 29#29: gracefully shutting down
2025/06/22 17:01:51 [notice] 30#30: exiting
2025/06/22 17:01:51 [notice] 29#29: exiting
2025/06/22 17:01:51 [notice] 30#30: exit
2025/06/22 17:01:51 [notice] 29#29: exit
2025/06/22 17:01:51 [notice] 1#1: signal 17 (SIGCHLD) received from 30
2025/06/22 17:01:51 [notice] 1#1: worker process 30 exited with code 0
2025/06/22 17:01:51 [notice] 1#1: signal 29 (SIGIO) received
2025/06/22 17:01:51 [notice] 1#1: signal 17 (SIGCHLD) received from 29
2025/06/22 17:01:51 [notice] 1#1: worker process 29 exited with code 0
2025/06/22 17:01:51 [notice] 1#1: exit
2025/06/22 17:01:52 [notice] 1#1: using the "epoll" event method
2025/06/22 17:01:52 [notice] 1#1: nginx/1.27.5
2025/06/22 17:01:52 [notice] 1#1: built by gcc 12.2.0 (Debian 12.2.0-14) 
2025/06/22 17:01:52 [notice] 1#1: OS: Linux 3.10.0-1160.119.1.el7.x86_64
2025/06/22 17:01:52 [notice] 1#1: getrlimit(RLIMIT_NOFILE): 1048576:1048576
2025/06/22 17:01:52 [notice] 1#1: start worker processes
2025/06/22 17:01:52 [notice] 1#1: start worker process 28
2025/06/22 17:01:52 [notice] 1#1: start worker process 29
2025/06/22 17:06:44 [notice] 1#1: signal 3 (SIGQUIT) received, shutting down
2025/06/22 17:06:44 [notice] 28#28: gracefully shutting down
2025/06/22 17:06:44 [notice] 29#29: gracefully shutting down
2025/06/22 17:06:44 [notice] 28#28: exiting
2025/06/22 17:06:44 [notice] 29#29: exiting
2025/06/22 17:06:44 [notice] 28#28: exit
2025/06/22 17:06:44 [notice] 29#29: exit
2025/06/22 17:06:44 [notice] 1#1: signal 17 (SIGCHLD) received from 28
2025/06/22 17:06:44 [notice] 1#1: worker process 28 exited with code 0
2025/06/22 17:06:44 [notice] 1#1: worker process 29 exited with code 0
2025/06/22 17:06:44 [notice] 1#1: exit
2025/06/22 17:06:45 [notice] 1#1: using the "epoll" event method
2025/06/22 17:06:45 [notice] 1#1: nginx/1.27.5
2025/06/22 17:06:45 [notice] 1#1: built by gcc 12.2.0 (Debian 12.2.0-14) 
2025/06/22 17:06:45 [notice] 1#1: OS: Linux 3.10.0-1160.119.1.el7.x86_64
2025/06/22 17:06:45 [notice] 1#1: getrlimit(RLIMIT_NOFILE): 1048576:1048576
2025/06/22 17:06:45 [notice] 1#1: start worker processes
2025/06/22 17:06:45 [notice] 1#1: start worker process 28
2025/06/22 17:06:45 [notice] 1#1: start worker process 29
2025/06/23 01:02:18 [notice] 1#1: signal 3 (SIGQUIT) received, shutting down
2025/06/23 01:02:18 [notice] 28#28: gracefully shutting down
2025/06/23 01:02:18 [notice] 29#29: gracefully shutting down
2025/06/23 01:02:18 [notice] 29#29: exiting
2025/06/23 01:02:18 [notice] 28#28: exiting
2025/06/23 01:02:18 [notice] 28#28: exit
2025/06/23 01:02:18 [notice] 29#29: exit
2025/06/23 01:02:18 [notice] 1#1: signal 17 (SIGCHLD) received from 29
2025/06/23 01:02:18 [notice] 1#1: worker process 28 exited with code 0
2025/06/23 01:02:18 [notice] 1#1: worker process 29 exited with code 0
2025/06/23 01:02:18 [notice] 1#1: exit
2025/06/23 01:02:20 [emerg] 1#1: host not found in upstream "php" in /etc/nginx/conf.d/default.conf:15
2025/06/23 01:02:20 [emerg] 1#1: host not found in upstream "php" in /etc/nginx/conf.d/default.conf:15
2025/06/23 01:02:21 [notice] 1#1: using the "epoll" event method
2025/06/23 01:02:21 [notice] 1#1: nginx/1.27.5
2025/06/23 01:02:21 [notice] 1#1: built by gcc 12.2.0 (Debian 12.2.0-14) 
2025/06/23 01:02:21 [notice] 1#1: OS: Linux 3.10.0-1160.119.1.el7.x86_64
2025/06/23 01:02:21 [notice] 1#1: getrlimit(RLIMIT_NOFILE): 1048576:1048576
2025/06/23 01:02:21 [notice] 1#1: start worker processes
2025/06/23 01:02:21 [notice] 1#1: start worker process 28
2025/06/23 01:02:21 [notice] 1#1: start worker process 29
2025/06/23 01:13:49 [notice] 1#1: signal 3 (SIGQUIT) received, shutting down
2025/06/23 01:13:49 [notice] 28#28: gracefully shutting down
2025/06/23 01:13:49 [notice] 28#28: exiting
2025/06/23 01:13:49 [notice] 28#28: exit
2025/06/23 01:13:49 [notice] 29#29: gracefully shutting down
2025/06/23 01:13:49 [notice] 29#29: exiting
2025/06/23 01:13:49 [notice] 29#29: exit
2025/06/23 01:13:49 [notice] 1#1: signal 17 (SIGCHLD) received from 29
2025/06/23 01:13:49 [notice] 1#1: worker process 28 exited with code 0
2025/06/23 01:13:49 [notice] 1#1: worker process 29 exited with code 0
2025/06/23 01:13:49 [notice] 1#1: exit
2025/06/23 01:13:50 [notice] 1#1: using the "epoll" event method
2025/06/23 01:13:50 [notice] 1#1: nginx/1.27.5
2025/06/23 01:13:50 [notice] 1#1: built by gcc 12.2.0 (Debian 12.2.0-14) 
2025/06/23 01:13:50 [notice] 1#1: OS: Linux 3.10.0-1160.119.1.el7.x86_64
2025/06/23 01:13:50 [notice] 1#1: getrlimit(RLIMIT_NOFILE): 1048576:1048576
2025/06/23 01:13:50 [notice] 1#1: start worker processes
2025/06/23 01:13:50 [notice] 1#1: start worker process 28
2025/06/23 01:13:50 [notice] 1#1: start worker process 29
2025/06/23 01:23:32 [notice] 1#1: signal 3 (SIGQUIT) received, shutting down
2025/06/23 01:23:32 [notice] 28#28: gracefully shutting down
2025/06/23 01:23:32 [notice] 28#28: exiting
2025/06/23 01:23:32 [notice] 28#28: exit
2025/06/23 01:23:32 [notice] 29#29: gracefully shutting down
2025/06/23 01:23:32 [notice] 29#29: exiting
2025/06/23 01:23:32 [notice] 29#29: exit
2025/06/23 01:23:32 [notice] 1#1: signal 17 (SIGCHLD) received from 28
2025/06/23 01:23:32 [notice] 1#1: worker process 28 exited with code 0
2025/06/23 01:23:32 [notice] 1#1: signal 29 (SIGIO) received
2025/06/23 01:23:32 [notice] 1#1: signal 17 (SIGCHLD) received from 29
2025/06/23 01:23:32 [notice] 1#1: worker process 29 exited with code 0
2025/06/23 01:23:32 [notice] 1#1: exit
2025/06/23 01:23:32 [notice] 1#1: using the "epoll" event method
2025/06/23 01:23:32 [notice] 1#1: nginx/1.27.5
2025/06/23 01:23:32 [notice] 1#1: built by gcc 12.2.0 (Debian 12.2.0-14) 
2025/06/23 01:23:32 [notice] 1#1: OS: Linux 3.10.0-1160.119.1.el7.x86_64
2025/06/23 01:23:32 [notice] 1#1: getrlimit(RLIMIT_NOFILE): 1048576:1048576
2025/06/23 01:23:32 [notice] 1#1: start worker processes
2025/06/23 01:23:32 [notice] 1#1: start worker process 28
2025/06/23 01:23:32 [notice] 1#1: start worker process 29
2025/06/23 01:39:49 [notice] 1#1: signal 3 (SIGQUIT) received, shutting down
2025/06/23 01:39:49 [notice] 28#28: gracefully shutting down
2025/06/23 01:39:49 [notice] 29#29: gracefully shutting down
2025/06/23 01:39:49 [notice] 28#28: exiting
2025/06/23 01:39:49 [notice] 29#29: exiting
2025/06/23 01:39:49 [notice] 28#28: exit
2025/06/23 01:39:49 [notice] 29#29: exit
2025/06/23 01:39:49 [notice] 1#1: signal 17 (SIGCHLD) received from 28
2025/06/23 01:39:49 [notice] 1#1: worker process 28 exited with code 0
2025/06/23 01:39:49 [notice] 1#1: worker process 29 exited with code 0
2025/06/23 01:39:49 [notice] 1#1: exit
2025/06/23 01:39:50 [notice] 1#1: using the "epoll" event method
2025/06/23 01:39:50 [notice] 1#1: nginx/1.27.5
2025/06/23 01:39:50 [notice] 1#1: built by gcc 12.2.0 (Debian 12.2.0-14) 
2025/06/23 01:39:50 [notice] 1#1: OS: Linux 3.10.0-1160.119.1.el7.x86_64
2025/06/23 01:39:50 [notice] 1#1: getrlimit(RLIMIT_NOFILE): 1048576:1048576
2025/06/23 01:39:50 [notice] 1#1: start worker processes
2025/06/23 01:39:50 [notice] 1#1: start worker process 28
2025/06/23 01:39:50 [notice] 1#1: start worker process 29
2025/06/23 06:37:01 [notice] 1#1: signal 3 (SIGQUIT) received, shutting down
2025/06/23 06:37:01 [notice] 28#28: gracefully shutting down
2025/06/23 06:37:01 [notice] 28#28: exiting
2025/06/23 06:37:01 [notice] 29#29: gracefully shutting down
2025/06/23 06:37:01 [notice] 29#29: exiting
2025/06/23 06:37:01 [notice] 28#28: exit
2025/06/23 06:37:01 [notice] 29#29: exit
2025/06/23 06:37:01 [notice] 1#1: signal 17 (SIGCHLD) received from 29
2025/06/23 06:37:01 [notice] 1#1: worker process 28 exited with code 0
2025/06/23 06:37:01 [notice] 1#1: worker process 29 exited with code 0
2025/06/23 06:37:01 [notice] 1#1: exit
2025/06/23 06:37:02 [notice] 1#1: using the "epoll" event method
2025/06/23 06:37:02 [notice] 1#1: nginx/1.27.5
2025/06/23 06:37:02 [notice] 1#1: built by gcc 12.2.0 (Debian 12.2.0-14) 
2025/06/23 06:37:02 [notice] 1#1: OS: Linux 3.10.0-1160.119.1.el7.x86_64
2025/06/23 06:37:02 [notice] 1#1: getrlimit(RLIMIT_NOFILE): 1048576:1048576
2025/06/23 06:37:02 [notice] 1#1: start worker processes
2025/06/23 06:37:02 [notice] 1#1: start worker process 29
2025/06/23 06:37:02 [notice] 1#1: start worker process 30
2025/06/23 07:19:55 [notice] 1#1: signal 3 (SIGQUIT) received, shutting down
2025/06/23 07:19:55 [notice] 29#29: gracefully shutting down
2025/06/23 07:19:55 [notice] 30#30: gracefully shutting down
2025/06/23 07:19:55 [notice] 30#30: exiting
2025/06/23 07:19:55 [notice] 29#29: exiting
2025/06/23 07:19:55 [notice] 30#30: exit
2025/06/23 07:19:55 [notice] 29#29: exit
2025/06/23 07:19:55 [notice] 1#1: signal 17 (SIGCHLD) received from 29
2025/06/23 07:19:55 [notice] 1#1: worker process 29 exited with code 0
2025/06/23 07:19:55 [notice] 1#1: worker process 30 exited with code 0
2025/06/23 07:19:55 [notice] 1#1: exit
2025/06/23 07:19:55 [notice] 1#1: using the "epoll" event method
2025/06/23 07:19:55 [notice] 1#1: nginx/1.27.5
2025/06/23 07:19:55 [notice] 1#1: built by gcc 12.2.0 (Debian 12.2.0-14) 
2025/06/23 07:19:55 [notice] 1#1: OS: Linux 3.10.0-1160.119.1.el7.x86_64
2025/06/23 07:19:55 [notice] 1#1: getrlimit(RLIMIT_NOFILE): 1048576:1048576
2025/06/23 07:19:55 [notice] 1#1: start worker processes
2025/06/23 07:19:55 [notice] 1#1: start worker process 29
2025/06/23 07:19:55 [notice] 1#1: start worker process 30
2025/06/23 08:15:31 [notice] 1#1: signal 3 (SIGQUIT) received, shutting down
2025/06/23 08:15:31 [notice] 29#29: gracefully shutting down
2025/06/23 08:15:31 [notice] 30#30: gracefully shutting down
2025/06/23 08:15:31 [notice] 29#29: exiting
2025/06/23 08:15:31 [notice] 29#29: exit
2025/06/23 08:15:31 [notice] 30#30: exiting
2025/06/23 08:15:31 [notice] 30#30: exit
2025/06/23 08:15:31 [notice] 1#1: signal 17 (SIGCHLD) received from 29
2025/06/23 08:15:31 [notice] 1#1: worker process 29 exited with code 0
2025/06/23 08:15:31 [notice] 1#1: worker process 30 exited with code 0
2025/06/23 08:15:31 [notice] 1#1: exit
2025/06/23 08:15:32 [notice] 1#1: using the "epoll" event method
2025/06/23 08:15:32 [notice] 1#1: nginx/1.27.5
2025/06/23 08:15:32 [notice] 1#1: built by gcc 12.2.0 (Debian 12.2.0-14) 
2025/06/23 08:15:32 [notice] 1#1: OS: Linux 3.10.0-1160.119.1.el7.x86_64
2025/06/23 08:15:32 [notice] 1#1: getrlimit(RLIMIT_NOFILE): 1048576:1048576
2025/06/23 08:15:32 [notice] 1#1: start worker processes
2025/06/23 08:15:32 [notice] 1#1: start worker process 29
2025/06/23 08:15:32 [notice] 1#1: start worker process 30
2025/06/23 09:10:00 [notice] 1#1: signal 3 (SIGQUIT) received, shutting down
2025/06/23 09:10:00 [notice] 30#30: gracefully shutting down
2025/06/23 09:10:00 [notice] 30#30: exiting
2025/06/23 09:10:00 [notice] 29#29: gracefully shutting down
2025/06/23 09:10:00 [notice] 29#29: exiting
2025/06/23 09:10:00 [notice] 29#29: exit
2025/06/23 09:10:00 [notice] 30#30: exit
2025/06/23 09:10:00 [notice] 1#1: signal 17 (SIGCHLD) received from 29
2025/06/23 09:10:00 [notice] 1#1: worker process 29 exited with code 0
2025/06/23 09:10:00 [notice] 1#1: worker process 30 exited with code 0
2025/06/23 09:10:00 [notice] 1#1: exit
2025/06/23 09:10:01 [notice] 1#1: using the "epoll" event method
2025/06/23 09:10:01 [notice] 1#1: nginx/1.27.5
2025/06/23 09:10:01 [notice] 1#1: built by gcc 12.2.0 (Debian 12.2.0-14) 
2025/06/23 09:10:01 [notice] 1#1: OS: Linux 3.10.0-1160.119.1.el7.x86_64
2025/06/23 09:10:01 [notice] 1#1: getrlimit(RLIMIT_NOFILE): 1048576:1048576
2025/06/23 09:10:01 [notice] 1#1: start worker processes
2025/06/23 09:10:01 [notice] 1#1: start worker process 29
2025/06/23 09:10:01 [notice] 1#1: start worker process 30
2025/06/23 09:22:24 [notice] 1#1: signal 3 (SIGQUIT) received, shutting down
2025/06/23 09:22:24 [notice] 29#29: gracefully shutting down
2025/06/23 09:22:24 [notice] 29#29: exiting
2025/06/23 09:22:24 [notice] 29#29: exit
2025/06/23 09:22:24 [notice] 30#30: gracefully shutting down
2025/06/23 09:22:24 [notice] 30#30: exiting
2025/06/23 09:22:24 [notice] 30#30: exit
2025/06/23 09:22:24 [notice] 1#1: signal 17 (SIGCHLD) received from 30
2025/06/23 09:22:24 [notice] 1#1: worker process 29 exited with code 0
2025/06/23 09:22:24 [notice] 1#1: worker process 30 exited with code 0
2025/06/23 09:22:24 [notice] 1#1: exit
2025/06/23 09:22:25 [notice] 1#1: using the "epoll" event method
2025/06/23 09:22:25 [notice] 1#1: nginx/1.27.5
2025/06/23 09:22:25 [notice] 1#1: built by gcc 12.2.0 (Debian 12.2.0-14) 
2025/06/23 09:22:25 [notice] 1#1: OS: Linux 3.10.0-1160.119.1.el7.x86_64
2025/06/23 09:22:25 [notice] 1#1: getrlimit(RLIMIT_NOFILE): 1048576:1048576
2025/06/23 09:22:25 [notice] 1#1: start worker processes
2025/06/23 09:22:25 [notice] 1#1: start worker process 28
2025/06/23 09:22:25 [notice] 1#1: start worker process 29
2025/06/23 09:42:04 [notice] 1#1: signal 3 (SIGQUIT) received, shutting down
2025/06/23 09:42:04 [notice] 29#29: gracefully shutting down
2025/06/23 09:42:04 [notice] 29#29: exiting
2025/06/23 09:42:04 [notice] 29#29: exit
2025/06/23 09:42:04 [notice] 28#28: gracefully shutting down
2025/06/23 09:42:04 [notice] 28#28: exiting
2025/06/23 09:42:04 [notice] 28#28: exit
2025/06/23 09:42:04 [notice] 1#1: signal 17 (SIGCHLD) received from 28
2025/06/23 09:42:04 [notice] 1#1: worker process 28 exited with code 0
2025/06/23 09:42:04 [notice] 1#1: worker process 29 exited with code 0
2025/06/23 09:42:04 [notice] 1#1: exit
2025/06/23 09:42:05 [notice] 1#1: using the "epoll" event method
2025/06/23 09:42:05 [notice] 1#1: nginx/1.27.5
2025/06/23 09:42:05 [notice] 1#1: built by gcc 12.2.0 (Debian 12.2.0-14) 
2025/06/23 09:42:05 [notice] 1#1: OS: Linux 3.10.0-1160.119.1.el7.x86_64
2025/06/23 09:42:05 [notice] 1#1: getrlimit(RLIMIT_NOFILE): 1048576:1048576
2025/06/23 09:42:05 [notice] 1#1: start worker processes
2025/06/23 09:42:05 [notice] 1#1: start worker process 29
2025/06/23 09:42:05 [notice] 1#1: start worker process 30
